<?xml version="1.0" encoding="UTF-8"?>
<testng-results ignored="0" total="8" passed="7" failed="1" skipped="0">
  <reporter-output>
  </reporter-output>
  <suite started-at="2023-02-26T18:57:52 IST" name="Suite" finished-at="2023-02-26T18:58:40 IST" duration-ms="47477">
    <groups>
    </groups>
    <test started-at="2023-02-26T18:57:52 IST" name="Test" finished-at="2023-02-26T18:58:40 IST" duration-ms="47477">
      <class name="testcases.SignupTest">
        <test-method is-config="true" signature="Startup()[pri:0, instance:testcases.SignupTest@a4add54]" started-at="2023-02-26T18:58:04 IST" name="Startup" finished-at="2023-02-26T18:58:08 IST" duration-ms="4106" status="PASS">
          <reporter-output>
          </reporter-output>
        </test-method> <!-- Startup -->
        <test-method signature="Signup()[pri:0, instance:testcases.SignupTest@a4add54]" started-at="2023-02-26T18:58:08 IST" name="Signup" finished-at="2023-02-26T18:58:14 IST" duration-ms="5898" status="PASS">
          <reporter-output>
          </reporter-output>
        </test-method> <!-- Signup -->
        <test-method is-config="true" signature="close()[pri:0, instance:testcases.SignupTest@a4add54]" started-at="2023-02-26T18:58:14 IST" name="close" finished-at="2023-02-26T18:58:14 IST" duration-ms="135" status="PASS">
          <reporter-output>
          </reporter-output>
        </test-method> <!-- close -->
      </class> <!-- testcases.SignupTest -->
      <class name="testcases.ValidateBookingTest">
        <test-method is-config="true" signature="Startup()[pri:0, instance:testcases.ValidateBookingTest@3abada5a]" started-at="2023-02-26T18:58:26 IST" name="Startup" finished-at="2023-02-26T18:58:30 IST" duration-ms="4252" status="PASS">
          <reporter-output>
          </reporter-output>
        </test-method> <!-- Startup -->
        <test-method signature="ValidationforCheckin()[pri:1, instance:testcases.ValidateBookingTest@3abada5a]" started-at="2023-02-26T18:58:30 IST" name="ValidationforCheckin" finished-at="2023-02-26T18:58:30 IST" duration-ms="43" status="PASS">
          <reporter-output>
          </reporter-output>
        </test-method> <!-- ValidationforCheckin -->
        <test-method is-config="true" signature="close()[pri:0, instance:testcases.ValidateBookingTest@3abada5a]" started-at="2023-02-26T18:58:30 IST" name="close" finished-at="2023-02-26T18:58:31 IST" duration-ms="157" status="PASS">
          <reporter-output>
          </reporter-output>
        </test-method> <!-- close -->
        <test-method is-config="true" signature="Startup()[pri:0, instance:testcases.ValidateBookingTest@3abada5a]" started-at="2023-02-26T18:58:31 IST" name="Startup" finished-at="2023-02-26T18:58:35 IST" duration-ms="4410" status="PASS">
          <reporter-output>
          </reporter-output>
        </test-method> <!-- Startup -->
        <test-method signature="ValidationforFlightStatus()[pri:2, instance:testcases.ValidateBookingTest@3abada5a]" started-at="2023-02-26T18:58:35 IST" name="ValidationforFlightStatus" finished-at="2023-02-26T18:58:35 IST" duration-ms="29" status="PASS">
          <reporter-output>
          </reporter-output>
        </test-method> <!-- ValidationforFlightStatus -->
        <test-method is-config="true" signature="close()[pri:0, instance:testcases.ValidateBookingTest@3abada5a]" started-at="2023-02-26T18:58:35 IST" name="close" finished-at="2023-02-26T18:58:35 IST" duration-ms="103" status="PASS">
          <reporter-output>
          </reporter-output>
        </test-method> <!-- close -->
        <test-method is-config="true" signature="Startup()[pri:0, instance:testcases.ValidateBookingTest@3abada5a]" started-at="2023-02-26T18:58:35 IST" name="Startup" finished-at="2023-02-26T18:58:39 IST" duration-ms="4355" status="PASS">
          <reporter-output>
          </reporter-output>
        </test-method> <!-- Startup -->
        <test-method signature="ValidationforManagebooking()[pri:3, instance:testcases.ValidateBookingTest@3abada5a]" started-at="2023-02-26T18:58:39 IST" name="ValidationforManagebooking" finished-at="2023-02-26T18:58:39 IST" duration-ms="32" status="PASS">
          <reporter-output>
          </reporter-output>
        </test-method> <!-- ValidationforManagebooking -->
        <test-method is-config="true" signature="close()[pri:0, instance:testcases.ValidateBookingTest@3abada5a]" started-at="2023-02-26T18:58:39 IST" name="close" finished-at="2023-02-26T18:58:40 IST" duration-ms="117" status="PASS">
          <reporter-output>
          </reporter-output>
        </test-method> <!-- close -->
      </class> <!-- testcases.ValidateBookingTest -->
      <class name="testcases.RoundTripTest">
        <test-method is-config="true" signature="Startup()[pri:0, instance:testcases.RoundTripTest@5f9be66c]" started-at="2023-02-26T18:58:21 IST" name="Startup" finished-at="2023-02-26T18:58:25 IST" duration-ms="4072" status="PASS">
          <reporter-output>
          </reporter-output>
        </test-method> <!-- Startup -->
        <test-method signature="SearchFlight()[pri:0, instance:testcases.RoundTripTest@5f9be66c]" started-at="2023-02-26T18:58:25 IST" name="SearchFlight" finished-at="2023-02-26T18:58:26 IST" duration-ms="1016" status="PASS">
          <reporter-output>
          </reporter-output>
        </test-method> <!-- SearchFlight -->
        <test-method is-config="true" signature="close()[pri:0, instance:testcases.RoundTripTest@5f9be66c]" started-at="2023-02-26T18:58:26 IST" name="close" finished-at="2023-02-26T18:58:26 IST" duration-ms="160" status="PASS">
          <reporter-output>
          </reporter-output>
        </test-method> <!-- close -->
      </class> <!-- testcases.RoundTripTest -->
      <class name="testcases.OnewayTripTest">
        <test-method is-config="true" signature="Startup()[pri:0, instance:testcases.OnewayTripTest@141e5bef]" started-at="2023-02-26T18:58:14 IST" name="Startup" finished-at="2023-02-26T18:58:18 IST" duration-ms="4100" status="PASS">
          <reporter-output>
          </reporter-output>
        </test-method> <!-- Startup -->
        <test-method signature="SearchFlight()[pri:0, instance:testcases.OnewayTripTest@141e5bef]" started-at="2023-02-26T18:58:18 IST" name="SearchFlight" finished-at="2023-02-26T18:58:20 IST" duration-ms="2188" status="FAIL">
          <exception class="org.openqa.selenium.ElementClickInterceptedException">
            <message>
              <![CDATA[element click intercepted: Element <div class="css-1dbjc4n r-1awozwy r-z2wwpe r-1loqt21 r-18u37iz r-1777fci r-1g94qm0 r-1w50u8q r-ah5dr5 r-1otgn73" data-focusable="true" tabindex="0" data-testid="home-page-flight-cta" style="background-image: linear-gradient(rgb(252, 182, 62), rgb(247, 148, 29)); margin-left: 12px; padding-right: 20px; padding-left: 20px; width: 162px;">...</div> is not clickable at point (580, 522). Other element would receive the click: <div class="css-1dbjc4n">...</div>
  (Session info: chrome=110.0.5481.105)
Build info: version: '3.141.59', revision: 'e82be7d358', time: '2018-11-14T08:17:03'
System info: host: 'HP', ip: '192.168.1.3', os.name: 'Windows 11', os.arch: 'amd64', os.version: '10.0', java.version: '17.0.5'
Driver info: org.openqa.selenium.chrome.ChromeDriver
Capabilities {acceptInsecureCerts: false, browserName: chrome, browserVersion: 110.0.5481.105, chrome: {chromedriverVersion: 110.0.5481.77 (65ed616c6e8e..., userDataDir: C:\Users\elaiy\AppData\Loca...}, goog:chromeOptions: {debuggerAddress: localhost:55404}, javascriptEnabled: true, networkConnectionEnabled: false, pageLoadStrategy: normal, platform: WINDOWS, platformName: WINDOWS, proxy: Proxy(), setWindowRect: true, strictFileInteractability: false, timeouts: {implicit: 0, pageLoad: 300000, script: 30000}, unhandledPromptBehavior: dismiss and notify, webauthn:extension:credBlob: true, webauthn:extension:largeBlob: true, webauthn:virtualAuthenticators: true}
Session ID: 1be53331f6381dd22c1381e8be08ea0a]]>
            </message>
            <full-stacktrace>
              <![CDATA[org.openqa.selenium.ElementClickInterceptedException: element click intercepted: Element <div class="css-1dbjc4n r-1awozwy r-z2wwpe r-1loqt21 r-18u37iz r-1777fci r-1g94qm0 r-1w50u8q r-ah5dr5 r-1otgn73" data-focusable="true" tabindex="0" data-testid="home-page-flight-cta" style="background-image: linear-gradient(rgb(252, 182, 62), rgb(247, 148, 29)); margin-left: 12px; padding-right: 20px; padding-left: 20px; width: 162px;">...</div> is not clickable at point (580, 522). Other element would receive the click: <div class="css-1dbjc4n">...</div>
  (Session info: chrome=110.0.5481.105)
Build info: version: '3.141.59', revision: 'e82be7d358', time: '2018-11-14T08:17:03'
System info: host: 'HP', ip: '192.168.1.3', os.name: 'Windows 11', os.arch: 'amd64', os.version: '10.0', java.version: '17.0.5'
Driver info: org.openqa.selenium.chrome.ChromeDriver
Capabilities {acceptInsecureCerts: false, browserName: chrome, browserVersion: 110.0.5481.105, chrome: {chromedriverVersion: 110.0.5481.77 (65ed616c6e8e..., userDataDir: C:\Users\elaiy\AppData\Loca...}, goog:chromeOptions: {debuggerAddress: localhost:55404}, javascriptEnabled: true, networkConnectionEnabled: false, pageLoadStrategy: normal, platform: WINDOWS, platformName: WINDOWS, proxy: Proxy(), setWindowRect: true, strictFileInteractability: false, timeouts: {implicit: 0, pageLoad: 300000, script: 30000}, unhandledPromptBehavior: dismiss and notify, webauthn:extension:credBlob: true, webauthn:extension:largeBlob: true, webauthn:virtualAuthenticators: true}
Session ID: 1be53331f6381dd22c1381e8be08ea0a
at java.base/jdk.internal.reflect.NativeConstructorAccessorImpl.newInstance0(Native Method)
at java.base/jdk.internal.reflect.NativeConstructorAccessorImpl.newInstance(NativeConstructorAccessorImpl.java:77)
at java.base/jdk.internal.reflect.DelegatingConstructorAccessorImpl.newInstance(DelegatingConstructorAccessorImpl.java:45)
at java.base/java.lang.reflect.Constructor.newInstanceWithCaller(Constructor.java:499)
at java.base/java.lang.reflect.Constructor.newInstance(Constructor.java:480)
at org.openqa.selenium.remote.http.W3CHttpResponseCodec.createException(W3CHttpResponseCodec.java:187)
at org.openqa.selenium.remote.http.W3CHttpResponseCodec.decode(W3CHttpResponseCodec.java:122)
at org.openqa.selenium.remote.http.W3CHttpResponseCodec.decode(W3CHttpResponseCodec.java:49)
at org.openqa.selenium.remote.HttpCommandExecutor.execute(HttpCommandExecutor.java:158)
at org.openqa.selenium.remote.service.DriverCommandExecutor.execute(DriverCommandExecutor.java:83)
at org.openqa.selenium.remote.RemoteWebDriver.execute(RemoteWebDriver.java:552)
at org.openqa.selenium.remote.RemoteWebElement.execute(RemoteWebElement.java:285)
at org.openqa.selenium.remote.RemoteWebElement.click(RemoteWebElement.java:84)
at java.base/jdk.internal.reflect.NativeMethodAccessorImpl.invoke0(Native Method)
at java.base/jdk.internal.reflect.NativeMethodAccessorImpl.invoke(NativeMethodAccessorImpl.java:77)
at java.base/jdk.internal.reflect.DelegatingMethodAccessorImpl.invoke(DelegatingMethodAccessorImpl.java:43)
at java.base/java.lang.reflect.Method.invoke(Method.java:568)
at org.openqa.selenium.support.pagefactory.internal.LocatingElementHandler.invoke(LocatingElementHandler.java:51)
at jdk.proxy2/jdk.proxy2.$Proxy13.click(Unknown Source)
at pageObjects.OnewayTripPage.SearchFlight(OnewayTripPage.java:52)
at testcases.OnewayTripTest.SearchFlight(OnewayTripTest.java:19)
at java.base/jdk.internal.reflect.NativeMethodAccessorImpl.invoke0(Native Method)
at java.base/jdk.internal.reflect.NativeMethodAccessorImpl.invoke(NativeMethodAccessorImpl.java:77)
at java.base/jdk.internal.reflect.DelegatingMethodAccessorImpl.invoke(DelegatingMethodAccessorImpl.java:43)
at java.base/java.lang.reflect.Method.invoke(Method.java:568)
at org.testng.internal.invokers.MethodInvocationHelper.invokeMethod(MethodInvocationHelper.java:139)
at org.testng.internal.invokers.TestInvoker.invokeMethod(TestInvoker.java:677)
at org.testng.internal.invokers.TestInvoker.invokeTestMethod(TestInvoker.java:221)
at org.testng.internal.invokers.MethodRunner.runInSequence(MethodRunner.java:50)
at org.testng.internal.invokers.TestInvoker$MethodInvocationAgent.invoke(TestInvoker.java:969)
at org.testng.internal.invokers.TestInvoker.invokeTestMethods(TestInvoker.java:194)
at org.testng.internal.invokers.TestMethodWorker.invokeTestMethods(TestMethodWorker.java:148)
at org.testng.internal.invokers.TestMethodWorker.run(TestMethodWorker.java:128)
at java.base/java.util.ArrayList.forEach(ArrayList.java:1511)
at org.testng.TestRunner.privateRun(TestRunner.java:829)
at org.testng.TestRunner.run(TestRunner.java:602)
at org.testng.SuiteRunner.runTest(SuiteRunner.java:437)
at org.testng.SuiteRunner.runSequentially(SuiteRunner.java:431)
at org.testng.SuiteRunner.privateRun(SuiteRunner.java:391)
at org.testng.SuiteRunner.run(SuiteRunner.java:330)
at org.testng.SuiteRunnerWorker.runSuite(SuiteRunnerWorker.java:52)
at org.testng.SuiteRunnerWorker.run(SuiteRunnerWorker.java:95)
at org.testng.TestNG.runSuitesSequentially(TestNG.java:1256)
at org.testng.TestNG.runSuitesLocally(TestNG.java:1176)
at org.testng.TestNG.runSuites(TestNG.java:1099)
at org.testng.TestNG.run(TestNG.java:1067)
at org.testng.remote.AbstractRemoteTestNG.run(AbstractRemoteTestNG.java:115)
at org.testng.remote.RemoteTestNG.initAndRun(RemoteTestNG.java:251)
at org.testng.remote.RemoteTestNG.main(RemoteTestNG.java:77)
]]>
            </full-stacktrace>
          </exception> <!-- org.openqa.selenium.ElementClickInterceptedException -->
          <reporter-output>
          </reporter-output>
        </test-method> <!-- SearchFlight -->
        <test-method is-config="true" signature="close()[pri:0, instance:testcases.OnewayTripTest@141e5bef]" started-at="2023-02-26T18:58:21 IST" name="close" finished-at="2023-02-26T18:58:21 IST" duration-ms="102" status="PASS">
          <reporter-output>
          </reporter-output>
        </test-method> <!-- close -->
      </class> <!-- testcases.OnewayTripTest -->
      <class name="testcases.LoginTest">
        <test-method is-config="true" signature="Startup()[pri:0, instance:testcases.LoginTest@401f7633]" started-at="2023-02-26T18:57:52 IST" name="Startup" finished-at="2023-02-26T18:57:57 IST" duration-ms="4888" status="PASS">
          <reporter-output>
          </reporter-output>
        </test-method> <!-- Startup -->
        <test-method signature="LoginwithValidCredentails()[pri:1, instance:testcases.LoginTest@401f7633]" started-at="2023-02-26T18:57:57 IST" name="LoginwithValidCredentails" finished-at="2023-02-26T18:57:58 IST" duration-ms="1153" status="PASS">
          <reporter-output>
          </reporter-output>
        </test-method> <!-- LoginwithValidCredentails -->
        <test-method is-config="true" signature="close()[pri:0, instance:testcases.LoginTest@401f7633]" started-at="2023-02-26T18:57:58 IST" name="close" finished-at="2023-02-26T18:57:58 IST" duration-ms="148" status="PASS">
          <reporter-output>
          </reporter-output>
        </test-method> <!-- close -->
        <test-method is-config="true" signature="Startup()[pri:0, instance:testcases.LoginTest@401f7633]" started-at="2023-02-26T18:57:58 IST" name="Startup" finished-at="2023-02-26T18:58:03 IST" duration-ms="4342" status="PASS">
          <reporter-output>
          </reporter-output>
        </test-method> <!-- Startup -->
        <test-method signature="LoginwithInvalidCredentials()[pri:2, instance:testcases.LoginTest@401f7633]" started-at="2023-02-26T18:58:03 IST" name="LoginwithInvalidCredentials" finished-at="2023-02-26T18:58:04 IST" duration-ms="876" status="PASS">
          <reporter-output>
          </reporter-output>
        </test-method> <!-- LoginwithInvalidCredentials -->
        <test-method is-config="true" signature="close()[pri:0, instance:testcases.LoginTest@401f7633]" started-at="2023-02-26T18:58:04 IST" name="close" finished-at="2023-02-26T18:58:04 IST" duration-ms="100" status="PASS">
          <reporter-output>
          </reporter-output>
        </test-method> <!-- close -->
      </class> <!-- testcases.LoginTest -->
    </test> <!-- Test -->
  </suite> <!-- Suite -->
</testng-results>
